<?xml version="1.0"?>
<testsuite name="PhantomJS 1.9.8 (Windows 7 0.0.0)" package="unit" timestamp="2015-10-15T14:11:06" id="0" hostname="NB-ODAMILOLAPC" tests="7" errors="0" failures="0" time="0.004">
  <properties>
    <property name="browser.fullName" value="Mozilla/5.0 (Windows NT 6.1; WOW64) AppleWebKit/534.34 (KHTML, like Gecko) PhantomJS/1.9.8 Safari/534.34"/>
  </properties>
  <testcase name="checks that service was created using singleton pattern" time="0.002" classname="PhantomJS_1_9_8_(Windows_7_0_0_0).unit.angular-cache-service"/>
  <testcase name="checks that service was created using prototype" time="0" classname="PhantomJS_1_9_8_(Windows_7_0_0_0).unit.angular-cache-service"/>
  <testcase name="validates ability to cache data" time="0.001" classname="PhantomJS_1_9_8_(Windows_7_0_0_0).unit.angular-cache-service"/>
  <testcase name="validates current cache size" time="0" classname="PhantomJS_1_9_8_(Windows_7_0_0_0).unit.angular-cache-service"/>
  <testcase name="validates ability to retrieve data from cache" time="0" classname="PhantomJS_1_9_8_(Windows_7_0_0_0).unit.angular-cache-service"/>
  <testcase name="validates ability to delete a cached data" time="0" classname="PhantomJS_1_9_8_(Windows_7_0_0_0).unit.angular-cache-service"/>
  <testcase name="validates ability to delete a cached data" time="0.001" classname="PhantomJS_1_9_8_(Windows_7_0_0_0).unit.angular-cache-service"/>
  <system-out>
    <![CDATA[PhantomJS 1.9.8 (Windows 7 0.0.0) DEBUG: 'cacheType overriden as POLY_FILL'
,PhantomJS 1.9.8 (Windows 7 0.0.0) LOG: 'bookAnalysisDB1 POLY_FILL database opened'
,PhantomJS 1.9.8 (Windows 7 0.0.0) DEBUG: 'cacheType overriden as POLY_FILL'
,PhantomJS 1.9.8 (Windows 7 0.0.0) LOG: 'bookAnalysisDB2 POLY_FILL database opened'
,PhantomJS 1.9.8 (Windows 7 0.0.0) DEBUG: 'cacheType overriden as POLY_FILL'
,PhantomJS 1.9.8 (Windows 7 0.0.0) LOG: 'bookAnalysisDB1 POLY_FILL database opened'
,PhantomJS 1.9.8 (Windows 7 0.0.0) DEBUG: 'cacheType overriden as POLY_FILL'
,PhantomJS 1.9.8 (Windows 7 0.0.0) LOG: 'bookAnalysisDB1 POLY_FILL database opened'
,PhantomJS 1.9.8 (Windows 7 0.0.0) LOG: 'savedStatus: true'
,PhantomJS 1.9.8 (Windows 7 0.0.0) DEBUG: 'cacheType overriden as POLY_FILL'
,PhantomJS 1.9.8 (Windows 7 0.0.0) LOG: 'bookAnalysisDB1 POLY_FILL database opened'
,PhantomJS 1.9.8 (Windows 7 0.0.0) LOG: 'savedStatus:x true'
,PhantomJS 1.9.8 (Windows 7 0.0.0) LOG: 'savedStatus:y true'
,PhantomJS 1.9.8 (Windows 7 0.0.0) LOG: 'size: 2'
,PhantomJS 1.9.8 (Windows 7 0.0.0) DEBUG: 'cacheType overriden as POLY_FILL'
,PhantomJS 1.9.8 (Windows 7 0.0.0) LOG: 'bookAnalysisDB1 POLY_FILL database opened'
,PhantomJS 1.9.8 (Windows 7 0.0.0) LOG: 'result: null'
,PhantomJS 1.9.8 (Windows 7 0.0.0) DEBUG: 'cacheType overriden as POLY_FILL'
,PhantomJS 1.9.8 (Windows 7 0.0.0) LOG: 'bookAnalysisDB1 POLY_FILL database opened'
,PhantomJS 1.9.8 (Windows 7 0.0.0) LOG: 'removed: 1444918266481R'
,PhantomJS 1.9.8 (Windows 7 0.0.0) LOG: 'result: null'
,PhantomJS 1.9.8 (Windows 7 0.0.0) DEBUG: 'cacheType overriden as POLY_FILL'
,PhantomJS 1.9.8 (Windows 7 0.0.0) LOG: 'bookAnalysisDB1 POLY_FILL database opened'
,PhantomJS 1.9.8 (Windows 7 0.0.0) LOG: 'savedStatus:x true'
,PhantomJS 1.9.8 (Windows 7 0.0.0) LOG: 'savedStatus:y true'
,PhantomJS 1.9.8 (Windows 7 0.0.0) LOG: 'POLY_FILL bookAnalysisDB1 data cleared'
,PhantomJS 1.9.8 (Windows 7 0.0.0) LOG: 'clearing bookAnalysisDB1 .....'
,PhantomJS 1.9.8 (Windows 7 0.0.0) LOG: 'size: 0'

]]>
  </system-out>
  <system-err/>
</testsuite>