<?xml version="1.0"?>
<testsuite name="PhantomJS 1.9.8 (Windows 7 0.0.0)" package="unit" timestamp="2017-03-03T08:59:28" id="0" hostname="NB-ODAMILOLAPC" tests="7" errors="0" failures="0" time="0.005">
  <properties>
    <property name="browser.fullName" value="Mozilla/5.0 (Windows NT 6.1; WOW64) AppleWebKit/534.34 (KHTML, like Gecko) PhantomJS/1.9.8 Safari/534.34"/>
  </properties>
  <testcase name="checks that service was created using singleton pattern" time="0.003" classname="PhantomJS_1_9_8_(Windows_7_0_0_0).unit.angular-cache-service"/>
  <testcase name="checks that service was created using prototype" time="0" classname="PhantomJS_1_9_8_(Windows_7_0_0_0).unit.angular-cache-service"/>
  <testcase name="validates ability to cache data" time="0.001" classname="PhantomJS_1_9_8_(Windows_7_0_0_0).unit.angular-cache-service"/>
  <testcase name="validates current cache size" time="0" classname="PhantomJS_1_9_8_(Windows_7_0_0_0).unit.angular-cache-service"/>
  <testcase name="validates ability to retrieve data from cache" time="0" classname="PhantomJS_1_9_8_(Windows_7_0_0_0).unit.angular-cache-service"/>
  <testcase name="validates ability to delete a cached data" time="0" classname="PhantomJS_1_9_8_(Windows_7_0_0_0).unit.angular-cache-service"/>
  <testcase name="validates ability to delete a cached data" time="0.001" classname="PhantomJS_1_9_8_(Windows_7_0_0_0).unit.angular-cache-service"/>
  <system-out>
    <![CDATA[PhantomJS 1.9.8 (Windows 7 0.0.0) INFO: 'cacheType overriden as POLY_FILL'
,PhantomJS 1.9.8 (Windows 7 0.0.0) LOG: 'bookAnalysisDB1 POLY_FILL database opened'
,PhantomJS 1.9.8 (Windows 7 0.0.0) INFO: 'cacheType overriden as localStorage'
,PhantomJS 1.9.8 (Windows 7 0.0.0) LOG: 'bookAnalysisDB2 localStorage database opened'
,PhantomJS 1.9.8 (Windows 7 0.0.0) INFO: 'cacheType overriden as POLY_FILL'
,PhantomJS 1.9.8 (Windows 7 0.0.0) LOG: 'bookAnalysisDB1 POLY_FILL database opened'
,PhantomJS 1.9.8 (Windows 7 0.0.0) INFO: 'cacheType overriden as POLY_FILL'
,PhantomJS 1.9.8 (Windows 7 0.0.0) LOG: 'bookAnalysisDB1 POLY_FILL database opened'
,PhantomJS 1.9.8 (Windows 7 0.0.0) LOG: 'savedStatus: true'
,PhantomJS 1.9.8 (Windows 7 0.0.0) INFO: 'cacheType overriden as POLY_FILL'
,PhantomJS 1.9.8 (Windows 7 0.0.0) LOG: 'bookAnalysisDB1 POLY_FILL database opened'
,PhantomJS 1.9.8 (Windows 7 0.0.0) LOG: 'savedStatus:x true'
,PhantomJS 1.9.8 (Windows 7 0.0.0) LOG: 'savedStatus:y true'
,PhantomJS 1.9.8 (Windows 7 0.0.0) LOG: 'size: 2'
,PhantomJS 1.9.8 (Windows 7 0.0.0) INFO: 'cacheType overriden as POLY_FILL'
,PhantomJS 1.9.8 (Windows 7 0.0.0) LOG: 'bookAnalysisDB1 POLY_FILL database opened'
,PhantomJS 1.9.8 (Windows 7 0.0.0) LOG: 'result: null'
,PhantomJS 1.9.8 (Windows 7 0.0.0) INFO: 'cacheType overriden as POLY_FILL'
,PhantomJS 1.9.8 (Windows 7 0.0.0) LOG: 'bookAnalysisDB1 POLY_FILL database opened'
,PhantomJS 1.9.8 (Windows 7 0.0.0) LOG: 'removed: 1488531568002R'
,PhantomJS 1.9.8 (Windows 7 0.0.0) LOG: 'result: null'
,PhantomJS 1.9.8 (Windows 7 0.0.0) INFO: 'cacheType overriden as POLY_FILL'
,PhantomJS 1.9.8 (Windows 7 0.0.0) LOG: 'bookAnalysisDB1 POLY_FILL database opened'
,PhantomJS 1.9.8 (Windows 7 0.0.0) LOG: 'savedStatus:x true'
,PhantomJS 1.9.8 (Windows 7 0.0.0) LOG: 'savedStatus:y true'
,PhantomJS 1.9.8 (Windows 7 0.0.0) LOG: 'POLY_FILL bookAnalysisDB1 data cleared'
,PhantomJS 1.9.8 (Windows 7 0.0.0) LOG: 'clearing bookAnalysisDB1 .....'
,PhantomJS 1.9.8 (Windows 7 0.0.0) LOG: 'size: 0'

]]>
  </system-out>
  <system-err/>
</testsuite>