<?xml version="1.0"?>
<testsuite name="Firefox 51.0.0 (Windows 7 0.0.0)" package="unit" timestamp="2017-03-03T08:59:34" id="0" hostname="NB-ODAMILOLAPC" tests="7" errors="0" failures="0" time="0.007">
  <properties>
    <property name="browser.fullName" value="Mozilla/5.0 (Windows NT 6.1; WOW64; rv:51.0) Gecko/20100101 Firefox/51.0"/>
  </properties>
  <testcase name="checks that service was created using singleton pattern" time="0.004" classname="Firefox_51_0_0_(Windows_7_0_0_0).unit.angular-cache-service"/>
  <testcase name="checks that service was created using prototype" time="0.001" classname="Firefox_51_0_0_(Windows_7_0_0_0).unit.angular-cache-service"/>
  <testcase name="validates ability to cache data" time="0" classname="Firefox_51_0_0_(Windows_7_0_0_0).unit.angular-cache-service"/>
  <testcase name="validates current cache size" time="0.001" classname="Firefox_51_0_0_(Windows_7_0_0_0).unit.angular-cache-service"/>
  <testcase name="validates ability to retrieve data from cache" time="0" classname="Firefox_51_0_0_(Windows_7_0_0_0).unit.angular-cache-service"/>
  <testcase name="validates ability to delete a cached data" time="0" classname="Firefox_51_0_0_(Windows_7_0_0_0).unit.angular-cache-service"/>
  <testcase name="validates ability to delete a cached data" time="0.001" classname="Firefox_51_0_0_(Windows_7_0_0_0).unit.angular-cache-service"/>
  <system-out>
    <![CDATA[PhantomJS 1.9.8 (Windows 7 0.0.0) INFO: 'cacheType overriden as POLY_FILL'
,PhantomJS 1.9.8 (Windows 7 0.0.0) LOG: 'bookAnalysisDB1 POLY_FILL database opened'
,PhantomJS 1.9.8 (Windows 7 0.0.0) INFO: 'cacheType overriden as localStorage'
,PhantomJS 1.9.8 (Windows 7 0.0.0) LOG: 'bookAnalysisDB2 localStorage database opened'
,PhantomJS 1.9.8 (Windows 7 0.0.0) INFO: 'cacheType overriden as POLY_FILL'
,PhantomJS 1.9.8 (Windows 7 0.0.0) LOG: 'bookAnalysisDB1 POLY_FILL database opened'
,PhantomJS 1.9.8 (Windows 7 0.0.0) INFO: 'cacheType overriden as POLY_FILL'
,PhantomJS 1.9.8 (Windows 7 0.0.0) LOG: 'bookAnalysisDB1 POLY_FILL database opened'
,PhantomJS 1.9.8 (Windows 7 0.0.0) LOG: 'savedStatus: true'
,PhantomJS 1.9.8 (Windows 7 0.0.0) INFO: 'cacheType overriden as POLY_FILL'
,PhantomJS 1.9.8 (Windows 7 0.0.0) LOG: 'bookAnalysisDB1 POLY_FILL database opened'
,PhantomJS 1.9.8 (Windows 7 0.0.0) LOG: 'savedStatus:x true'
,PhantomJS 1.9.8 (Windows 7 0.0.0) LOG: 'savedStatus:y true'
,PhantomJS 1.9.8 (Windows 7 0.0.0) LOG: 'size: 2'
,PhantomJS 1.9.8 (Windows 7 0.0.0) INFO: 'cacheType overriden as POLY_FILL'
,PhantomJS 1.9.8 (Windows 7 0.0.0) LOG: 'bookAnalysisDB1 POLY_FILL database opened'
,PhantomJS 1.9.8 (Windows 7 0.0.0) LOG: 'result: null'
,PhantomJS 1.9.8 (Windows 7 0.0.0) INFO: 'cacheType overriden as POLY_FILL'
,PhantomJS 1.9.8 (Windows 7 0.0.0) LOG: 'bookAnalysisDB1 POLY_FILL database opened'
,PhantomJS 1.9.8 (Windows 7 0.0.0) LOG: 'removed: 1488531568002R'
,PhantomJS 1.9.8 (Windows 7 0.0.0) LOG: 'result: null'
,PhantomJS 1.9.8 (Windows 7 0.0.0) INFO: 'cacheType overriden as POLY_FILL'
,PhantomJS 1.9.8 (Windows 7 0.0.0) LOG: 'bookAnalysisDB1 POLY_FILL database opened'
,PhantomJS 1.9.8 (Windows 7 0.0.0) LOG: 'savedStatus:x true'
,PhantomJS 1.9.8 (Windows 7 0.0.0) LOG: 'savedStatus:y true'
,PhantomJS 1.9.8 (Windows 7 0.0.0) LOG: 'POLY_FILL bookAnalysisDB1 data cleared'
,PhantomJS 1.9.8 (Windows 7 0.0.0) LOG: 'clearing bookAnalysisDB1 .....'
,PhantomJS 1.9.8 (Windows 7 0.0.0) LOG: 'size: 0'
,Chrome 56.0.2924 (Windows 7 0.0.0) INFO: 'cacheType overriden as POLY_FILL'
,Chrome 56.0.2924 (Windows 7 0.0.0) LOG: 'bookAnalysisDB1 POLY_FILL database opened'
,Chrome 56.0.2924 (Windows 7 0.0.0) INFO: 'cacheType overriden as localStorage'
,Chrome 56.0.2924 (Windows 7 0.0.0) LOG: 'bookAnalysisDB2 localStorage database opened'
,Chrome 56.0.2924 (Windows 7 0.0.0) INFO: 'cacheType overriden as POLY_FILL'
,Chrome 56.0.2924 (Windows 7 0.0.0) LOG: 'bookAnalysisDB1 POLY_FILL database opened'
,Chrome 56.0.2924 (Windows 7 0.0.0) INFO: 'cacheType overriden as POLY_FILL'
,Chrome 56.0.2924 (Windows 7 0.0.0) LOG: 'bookAnalysisDB1 POLY_FILL database opened'
,Chrome 56.0.2924 (Windows 7 0.0.0) LOG: 'savedStatus: true'
,Chrome 56.0.2924 (Windows 7 0.0.0) INFO: 'cacheType overriden as POLY_FILL'
,Chrome 56.0.2924 (Windows 7 0.0.0) LOG: 'bookAnalysisDB1 POLY_FILL database opened'
,Chrome 56.0.2924 (Windows 7 0.0.0) LOG: 'savedStatus:x true'
,Chrome 56.0.2924 (Windows 7 0.0.0) LOG: 'savedStatus:y true'
,Chrome 56.0.2924 (Windows 7 0.0.0) LOG: 'size: 2'
,Chrome 56.0.2924 (Windows 7 0.0.0) INFO: 'cacheType overriden as POLY_FILL'
,Chrome 56.0.2924 (Windows 7 0.0.0) LOG: 'bookAnalysisDB1 POLY_FILL database opened'
,Chrome 56.0.2924 (Windows 7 0.0.0) LOG: 'result: null'
,Chrome 56.0.2924 (Windows 7 0.0.0) INFO: 'cacheType overriden as POLY_FILL'
,Chrome 56.0.2924 (Windows 7 0.0.0) LOG: 'bookAnalysisDB1 POLY_FILL database opened'
,Chrome 56.0.2924 (Windows 7 0.0.0) LOG: 'removed: 1488531568360R'
,Chrome 56.0.2924 (Windows 7 0.0.0) LOG: 'result: null'
,Chrome 56.0.2924 (Windows 7 0.0.0) INFO: 'cacheType overriden as POLY_FILL'
,Chrome 56.0.2924 (Windows 7 0.0.0) LOG: 'bookAnalysisDB1 POLY_FILL database opened'
,Chrome 56.0.2924 (Windows 7 0.0.0) LOG: 'savedStatus:x true'
,Chrome 56.0.2924 (Windows 7 0.0.0) LOG: 'savedStatus:y true'
,Chrome 56.0.2924 (Windows 7 0.0.0) LOG: 'POLY_FILL bookAnalysisDB1 data cleared'
,Chrome 56.0.2924 (Windows 7 0.0.0) LOG: 'clearing bookAnalysisDB1 .....'
,Chrome 56.0.2924 (Windows 7 0.0.0) LOG: 'size: 0'
,IE 8.0.0 (Windows 7 0.0.0) ERROR
  Expected identifier
  at C:/Workspaces/financialadviser-local/angular-cache-service/node_modules/karma-sinon-chai/node_modules/chai/chai.js:3012
,Opera 29.0.1795 (Windows 7 0.0.0) INFO: 'cacheType overriden as POLY_FILL'
,Opera 29.0.1795 (Windows 7 0.0.0) LOG: 'bookAnalysisDB1 POLY_FILL database opened'
,Opera 29.0.1795 (Windows 7 0.0.0) INFO: 'cacheType overriden as localStorage'
,Opera 29.0.1795 (Windows 7 0.0.0) LOG: 'bookAnalysisDB2 localStorage database opened'
,Opera 29.0.1795 (Windows 7 0.0.0) INFO: 'cacheType overriden as POLY_FILL'
,Opera 29.0.1795 (Windows 7 0.0.0) LOG: 'bookAnalysisDB1 POLY_FILL database opened'
,Opera 29.0.1795 (Windows 7 0.0.0) INFO: 'cacheType overriden as POLY_FILL'
,Opera 29.0.1795 (Windows 7 0.0.0) LOG: 'bookAnalysisDB1 POLY_FILL database opened'
,Opera 29.0.1795 (Windows 7 0.0.0) LOG: 'savedStatus: true'
,Opera 29.0.1795 (Windows 7 0.0.0) INFO: 'cacheType overriden as POLY_FILL'
,Opera 29.0.1795 (Windows 7 0.0.0) LOG: 'bookAnalysisDB1 POLY_FILL database opened'
,Opera 29.0.1795 (Windows 7 0.0.0) LOG: 'savedStatus:x true'
,Opera 29.0.1795 (Windows 7 0.0.0) LOG: 'savedStatus:y true'
,IE 8.0.0 (Windows 7 0.0.0) ERROR
  Object expected
  at C:/Workspaces/financialadviser-local/angular-cache-service/test/resources/lib/angularjs/angular.min.js:7
,IE 8.0.0 (Windows 7 0.0.0) ERROR
  Object doesn't support property or method 'module'
  at C:/Workspaces/financialadviser-local/angular-cache-service/test/resources/lib/angularjs/angular-route.min.js:7
,Opera 29.0.1795 (Windows 7 0.0.0) LOG: 'size: 2'
,Opera 29.0.1795 (Windows 7 0.0.0) INFO: 'cacheType overriden as POLY_FILL'
,Opera 29.0.1795 (Windows 7 0.0.0) LOG: 'bookAnalysisDB1 POLY_FILL database opened'
,Opera 29.0.1795 (Windows 7 0.0.0) LOG: 'result: null'
,Opera 29.0.1795 (Windows 7 0.0.0) INFO: 'cacheType overriden as POLY_FILL'
,Opera 29.0.1795 (Windows 7 0.0.0) LOG: 'bookAnalysisDB1 POLY_FILL database opened'
,Opera 29.0.1795 (Windows 7 0.0.0) LOG: 'removed: 1488531569457R'
,Opera 29.0.1795 (Windows 7 0.0.0) LOG: 'result: null'
,Opera 29.0.1795 (Windows 7 0.0.0) INFO: 'cacheType overriden as POLY_FILL'
,Opera 29.0.1795 (Windows 7 0.0.0) LOG: 'bookAnalysisDB1 POLY_FILL database opened'
,Opera 29.0.1795 (Windows 7 0.0.0) LOG: 'savedStatus:x true'
,Opera 29.0.1795 (Windows 7 0.0.0) LOG: 'savedStatus:y true'
,Opera 29.0.1795 (Windows 7 0.0.0) LOG: 'POLY_FILL bookAnalysisDB1 data cleared'
,Opera 29.0.1795 (Windows 7 0.0.0) LOG: 'clearing bookAnalysisDB1 .....'
,Opera 29.0.1795 (Windows 7 0.0.0) LOG: 'size: 0'
,IE 8.0.0 (Windows 7 0.0.0) ERROR
  Object doesn't support property or method '$$minErr'
  at C:/Workspaces/financialadviser-local/angular-cache-service/test/resources/lib/angularjs/angular-resource.min.js:6
,IE 8.0.0 (Windows 7 0.0.0) ERROR
  Object doesn't support property or method 'module'
  at C:/Workspaces/financialadviser-local/angular-cache-service/test/resources/lib/angularjs/angular-mocks.js:779
,IE 8.0.0 (Windows 7 0.0.0) ERROR
  Object doesn't support property or method 'module'
  at C:/Workspaces/financialadviser-local/angular-cache-service/src/index.js:10
,IE 8.0.0 (Windows 7 0.0.0) ERROR
  Expected identifier
  at C:/Workspaces/financialadviser-local/angular-cache-service/test/unit/indexSpec.js:85
,IE 8.0.0 (Windows 7 0.0.0) ERROR
  Unable to get property 'should' of undefined or null reference
  at C:/Workspaces/financialadviser-local/angular-cache-service/node_modules/karma-sinon-chai/chai-adapter.js:4
,IE 8.0.0 (Windows 7 0.0.0) ERROR
  'chai' is undefined
  at C:/Workspaces/financialadviser-local/angular-cache-service/node_modules/karma-sinon-chai/node_modules/sinon-chai/lib/sinon-chai.js:17
,IE 10.0.0 (Windows 7 0.0.0) INFO: 'cacheType overriden as POLY_FILL'
,IE 9.0.0 (Windows 7 0.0.0) INFO: 'cacheType overriden as POLY_FILL'
,IE 9.0.0 (Windows 7 0.0.0) LOG: 'bookAnalysisDB1 POLY_FILL database opened'
,IE 9.0.0 (Windows 7 0.0.0) INFO: 'cacheType overriden as localStorage'
,IE 9.0.0 (Windows 7 0.0.0) LOG: 'bookAnalysisDB2 localStorage database opened'
,IE 9.0.0 (Windows 7 0.0.0) INFO: 'cacheType overriden as POLY_FILL'
,IE 9.0.0 (Windows 7 0.0.0) LOG: 'bookAnalysisDB1 POLY_FILL database opened'
,IE 9.0.0 (Windows 7 0.0.0) INFO: 'cacheType overriden as POLY_FILL'
,IE 9.0.0 (Windows 7 0.0.0) LOG: 'bookAnalysisDB1 POLY_FILL database opened'
,IE 9.0.0 (Windows 7 0.0.0) LOG: 'savedStatus: true'
,IE 9.0.0 (Windows 7 0.0.0) INFO: 'cacheType overriden as POLY_FILL'
,IE 9.0.0 (Windows 7 0.0.0) LOG: 'bookAnalysisDB1 POLY_FILL database opened'
,IE 9.0.0 (Windows 7 0.0.0) LOG: 'savedStatus:x true'
,IE 9.0.0 (Windows 7 0.0.0) LOG: 'savedStatus:y true'
,IE 9.0.0 (Windows 7 0.0.0) LOG: 'size: 2'
,IE 9.0.0 (Windows 7 0.0.0) INFO: 'cacheType overriden as POLY_FILL'
,IE 9.0.0 (Windows 7 0.0.0) LOG: 'bookAnalysisDB1 POLY_FILL database opened'
,IE 9.0.0 (Windows 7 0.0.0) LOG: 'result: null'
,IE 9.0.0 (Windows 7 0.0.0) INFO: 'cacheType overriden as POLY_FILL'
,IE 9.0.0 (Windows 7 0.0.0) LOG: 'bookAnalysisDB1 POLY_FILL database opened'
,IE 9.0.0 (Windows 7 0.0.0) LOG: 'removed: 1488531569773R'
,IE 9.0.0 (Windows 7 0.0.0) LOG: 'result: null'
,IE 9.0.0 (Windows 7 0.0.0) INFO: 'cacheType overriden as POLY_FILL'
,IE 9.0.0 (Windows 7 0.0.0) LOG: 'bookAnalysisDB1 POLY_FILL database opened'
,IE 9.0.0 (Windows 7 0.0.0) LOG: 'savedStatus:x true'
,IE 9.0.0 (Windows 7 0.0.0) LOG: 'savedStatus:y true'
,IE 9.0.0 (Windows 7 0.0.0) LOG: 'POLY_FILL bookAnalysisDB1 data cleared'
,IE 9.0.0 (Windows 7 0.0.0) LOG: 'clearing bookAnalysisDB1 .....'
,IE 9.0.0 (Windows 7 0.0.0) LOG: 'size: 0'
,IE 10.0.0 (Windows 7 0.0.0) LOG: 'bookAnalysisDB1 POLY_FILL database opened'
,IE 10.0.0 (Windows 7 0.0.0) INFO: 'cacheType overriden as localStorage'
,IE 10.0.0 (Windows 7 0.0.0) LOG: 'bookAnalysisDB2 localStorage database opened'
,IE 10.0.0 (Windows 7 0.0.0) INFO: 'cacheType overriden as POLY_FILL'
,IE 10.0.0 (Windows 7 0.0.0) LOG: 'bookAnalysisDB1 POLY_FILL database opened'
,IE 10.0.0 (Windows 7 0.0.0) INFO: 'cacheType overriden as POLY_FILL'
,IE 10.0.0 (Windows 7 0.0.0) LOG: 'bookAnalysisDB1 POLY_FILL database opened'
,IE 10.0.0 (Windows 7 0.0.0) LOG: 'savedStatus: true'
,IE 10.0.0 (Windows 7 0.0.0) INFO: 'cacheType overriden as POLY_FILL'
,IE 10.0.0 (Windows 7 0.0.0) LOG: 'bookAnalysisDB1 POLY_FILL database opened'
,IE 10.0.0 (Windows 7 0.0.0) LOG: 'savedStatus:x true'
,IE 10.0.0 (Windows 7 0.0.0) LOG: 'savedStatus:y true'
,IE 10.0.0 (Windows 7 0.0.0) LOG: 'size: 2'
,IE 10.0.0 (Windows 7 0.0.0) INFO: 'cacheType overriden as POLY_FILL'
,IE 10.0.0 (Windows 7 0.0.0) LOG: 'bookAnalysisDB1 POLY_FILL database opened'
,IE 10.0.0 (Windows 7 0.0.0) LOG: 'result: null'
,IE 10.0.0 (Windows 7 0.0.0) INFO: 'cacheType overriden as POLY_FILL'
,IE 10.0.0 (Windows 7 0.0.0) LOG: 'bookAnalysisDB1 POLY_FILL database opened'
,IE 10.0.0 (Windows 7 0.0.0) LOG: 'removed: 1488531569854R'
,IE 10.0.0 (Windows 7 0.0.0) LOG: 'result: null'
,IE 10.0.0 (Windows 7 0.0.0) INFO: 'cacheType overriden as POLY_FILL'
,IE 10.0.0 (Windows 7 0.0.0) LOG: 'bookAnalysisDB1 POLY_FILL database opened'
,IE 10.0.0 (Windows 7 0.0.0) LOG: 'savedStatus:x true'
,IE 10.0.0 (Windows 7 0.0.0) LOG: 'savedStatus:y true'
,IE 10.0.0 (Windows 7 0.0.0) LOG: 'POLY_FILL bookAnalysisDB1 data cleared'
,IE 10.0.0 (Windows 7 0.0.0) LOG: 'clearing bookAnalysisDB1 .....'
,IE 10.0.0 (Windows 7 0.0.0) LOG: 'size: 0'
,Safari 5.1.7 (Windows 7 0.0.0) INFO: 'cacheType overriden as POLY_FILL'
,Safari 5.1.7 (Windows 7 0.0.0) LOG: 'bookAnalysisDB1 POLY_FILL database opened'
,Safari 5.1.7 (Windows 7 0.0.0) INFO: 'cacheType overriden as localStorage'
,Safari 5.1.7 (Windows 7 0.0.0) LOG: 'bookAnalysisDB2 localStorage database opened'
,Safari 5.1.7 (Windows 7 0.0.0) INFO: 'cacheType overriden as POLY_FILL'
,Safari 5.1.7 (Windows 7 0.0.0) LOG: 'bookAnalysisDB1 POLY_FILL database opened'
,Safari 5.1.7 (Windows 7 0.0.0) INFO: 'cacheType overriden as POLY_FILL'
,Safari 5.1.7 (Windows 7 0.0.0) LOG: 'bookAnalysisDB1 POLY_FILL database opened'
,Safari 5.1.7 (Windows 7 0.0.0) LOG: 'savedStatus: true'
,Safari 5.1.7 (Windows 7 0.0.0) INFO: 'cacheType overriden as POLY_FILL'
,Safari 5.1.7 (Windows 7 0.0.0) LOG: 'bookAnalysisDB1 POLY_FILL database opened'
,Safari 5.1.7 (Windows 7 0.0.0) LOG: 'savedStatus:x true'
,Safari 5.1.7 (Windows 7 0.0.0) LOG: 'savedStatus:y true'
,Safari 5.1.7 (Windows 7 0.0.0) LOG: 'size: 2'
,Safari 5.1.7 (Windows 7 0.0.0) INFO: 'cacheType overriden as POLY_FILL'
,Safari 5.1.7 (Windows 7 0.0.0) LOG: 'bookAnalysisDB1 POLY_FILL database opened'
,Safari 5.1.7 (Windows 7 0.0.0) LOG: 'result: null'
,Safari 5.1.7 (Windows 7 0.0.0) INFO: 'cacheType overriden as POLY_FILL'
,Safari 5.1.7 (Windows 7 0.0.0) LOG: 'bookAnalysisDB1 POLY_FILL database opened'
,Safari 5.1.7 (Windows 7 0.0.0) LOG: 'removed: 1488531570136R'
,Safari 5.1.7 (Windows 7 0.0.0) LOG: 'result: null'
,Safari 5.1.7 (Windows 7 0.0.0) INFO: 'cacheType overriden as POLY_FILL'
,Safari 5.1.7 (Windows 7 0.0.0) LOG: 'bookAnalysisDB1 POLY_FILL database opened'
,Safari 5.1.7 (Windows 7 0.0.0) LOG: 'savedStatus:x true'
,Safari 5.1.7 (Windows 7 0.0.0) LOG: 'savedStatus:y true'
,Safari 5.1.7 (Windows 7 0.0.0) LOG: 'POLY_FILL bookAnalysisDB1 data cleared'
,Safari 5.1.7 (Windows 7 0.0.0) LOG: 'clearing bookAnalysisDB1 .....'
,Safari 5.1.7 (Windows 7 0.0.0) LOG: 'size: 0'
,IE 11.0.0 (Windows 7 0.0.0) INFO: 'cacheType overriden as POLY_FILL'
,IE 11.0.0 (Windows 7 0.0.0) LOG: 'bookAnalysisDB1 POLY_FILL database opened'
,IE 11.0.0 (Windows 7 0.0.0) INFO: 'cacheType overriden as localStorage'
,IE 11.0.0 (Windows 7 0.0.0) LOG: 'bookAnalysisDB2 localStorage database opened'
,IE 11.0.0 (Windows 7 0.0.0) INFO: 'cacheType overriden as POLY_FILL'
,IE 11.0.0 (Windows 7 0.0.0) LOG: 'bookAnalysisDB1 POLY_FILL database opened'
,IE 11.0.0 (Windows 7 0.0.0) INFO: 'cacheType overriden as POLY_FILL'
,IE 11.0.0 (Windows 7 0.0.0) LOG: 'bookAnalysisDB1 POLY_FILL database opened'
,IE 11.0.0 (Windows 7 0.0.0) LOG: 'savedStatus: true'
,IE 11.0.0 (Windows 7 0.0.0) INFO: 'cacheType overriden as POLY_FILL'
,IE 11.0.0 (Windows 7 0.0.0) LOG: 'bookAnalysisDB1 POLY_FILL database opened'
,IE 11.0.0 (Windows 7 0.0.0) LOG: 'savedStatus:x true'
,IE 11.0.0 (Windows 7 0.0.0) LOG: 'savedStatus:y true'
,IE 11.0.0 (Windows 7 0.0.0) LOG: 'size: 2'
,IE 11.0.0 (Windows 7 0.0.0) INFO: 'cacheType overriden as POLY_FILL'
,IE 11.0.0 (Windows 7 0.0.0) LOG: 'bookAnalysisDB1 POLY_FILL database opened'
,IE 11.0.0 (Windows 7 0.0.0) LOG: 'result: null'
,IE 11.0.0 (Windows 7 0.0.0) INFO: 'cacheType overriden as POLY_FILL'
,IE 11.0.0 (Windows 7 0.0.0) LOG: 'bookAnalysisDB1 POLY_FILL database opened'
,IE 11.0.0 (Windows 7 0.0.0) LOG: 'removed: 1488531570779R'
,IE 11.0.0 (Windows 7 0.0.0) LOG: 'result: null'
,IE 11.0.0 (Windows 7 0.0.0) INFO: 'cacheType overriden as POLY_FILL'
,IE 11.0.0 (Windows 7 0.0.0) LOG: 'bookAnalysisDB1 POLY_FILL database opened'
,IE 11.0.0 (Windows 7 0.0.0) LOG: 'savedStatus:x true'
,IE 11.0.0 (Windows 7 0.0.0) LOG: 'savedStatus:y true'
,IE 11.0.0 (Windows 7 0.0.0) LOG: 'POLY_FILL bookAnalysisDB1 data cleared'
,IE 11.0.0 (Windows 7 0.0.0) LOG: 'clearing bookAnalysisDB1 .....'
,IE 11.0.0 (Windows 7 0.0.0) LOG: 'size: 0'
,Firefox 51.0.0 (Windows 7 0.0.0) INFO: 'cacheType overriden as POLY_FILL'
,Firefox 51.0.0 (Windows 7 0.0.0) LOG: 'bookAnalysisDB1 POLY_FILL database opened'
,Firefox 51.0.0 (Windows 7 0.0.0) INFO: 'cacheType overriden as localStorage'
,Firefox 51.0.0 (Windows 7 0.0.0) LOG: 'bookAnalysisDB2 localStorage database opened'
,Firefox 51.0.0 (Windows 7 0.0.0) INFO: 'cacheType overriden as POLY_FILL'
,Firefox 51.0.0 (Windows 7 0.0.0) LOG: 'bookAnalysisDB1 POLY_FILL database opened'
,Firefox 51.0.0 (Windows 7 0.0.0) INFO: 'cacheType overriden as POLY_FILL'
,Firefox 51.0.0 (Windows 7 0.0.0) LOG: 'bookAnalysisDB1 POLY_FILL database opened'
,Firefox 51.0.0 (Windows 7 0.0.0) LOG: 'savedStatus: true'
,Firefox 51.0.0 (Windows 7 0.0.0) INFO: 'cacheType overriden as POLY_FILL'
,Firefox 51.0.0 (Windows 7 0.0.0) LOG: 'bookAnalysisDB1 POLY_FILL database opened'
,Firefox 51.0.0 (Windows 7 0.0.0) LOG: 'savedStatus:x true'
,Firefox 51.0.0 (Windows 7 0.0.0) LOG: 'savedStatus:y true'
,Firefox 51.0.0 (Windows 7 0.0.0) LOG: 'size: 2'
,Firefox 51.0.0 (Windows 7 0.0.0) INFO: 'cacheType overriden as POLY_FILL'
,Firefox 51.0.0 (Windows 7 0.0.0) LOG: 'bookAnalysisDB1 POLY_FILL database opened'
,Firefox 51.0.0 (Windows 7 0.0.0) LOG: 'result: null'
,Firefox 51.0.0 (Windows 7 0.0.0) INFO: 'cacheType overriden as POLY_FILL'
,Firefox 51.0.0 (Windows 7 0.0.0) LOG: 'bookAnalysisDB1 POLY_FILL database opened'
,Firefox 51.0.0 (Windows 7 0.0.0) LOG: 'removed: 1488531574288R'
,Firefox 51.0.0 (Windows 7 0.0.0) LOG: 'result: null'
,Firefox 51.0.0 (Windows 7 0.0.0) INFO: 'cacheType overriden as POLY_FILL'
,Firefox 51.0.0 (Windows 7 0.0.0) LOG: 'bookAnalysisDB1 POLY_FILL database opened'
,Firefox 51.0.0 (Windows 7 0.0.0) LOG: 'savedStatus:x true'
,Firefox 51.0.0 (Windows 7 0.0.0) LOG: 'savedStatus:y true'
,Firefox 51.0.0 (Windows 7 0.0.0) LOG: 'POLY_FILL bookAnalysisDB1 data cleared'
,Firefox 51.0.0 (Windows 7 0.0.0) LOG: 'clearing bookAnalysisDB1 .....'
,Firefox 51.0.0 (Windows 7 0.0.0) LOG: 'size: 0'

]]>
  </system-out>
  <system-err/>
</testsuite>