<?xml version="1.0"?>
<testsuite name="Safari 5.1.7 (Windows 7 0.0.0)" package="unit" timestamp="2015-10-16T07:11:24" id="0" hostname="NB-ODAMILOLAPC" tests="7" errors="0" failures="0" time="0.008">
  <properties>
    <property name="browser.fullName" value="Mozilla/5.0 (Windows NT 6.1; WOW64) AppleWebKit/534.57.2 (KHTML, like Gecko) Version/5.1.7 Safari/534.57.2"/>
  </properties>
  <testcase name="checks that service was created using singleton pattern" time="0.003" classname="Safari_5_1_7_(Windows_7_0_0_0).unit.angular-cache-service"/>
  <testcase name="checks that service was created using prototype" time="0" classname="Safari_5_1_7_(Windows_7_0_0_0).unit.angular-cache-service"/>
  <testcase name="validates ability to cache data" time="0.003" classname="Safari_5_1_7_(Windows_7_0_0_0).unit.angular-cache-service"/>
  <testcase name="validates current cache size" time="0" classname="Safari_5_1_7_(Windows_7_0_0_0).unit.angular-cache-service"/>
  <testcase name="validates ability to retrieve data from cache" time="0" classname="Safari_5_1_7_(Windows_7_0_0_0).unit.angular-cache-service"/>
  <testcase name="validates ability to delete a cached data" time="0.001" classname="Safari_5_1_7_(Windows_7_0_0_0).unit.angular-cache-service"/>
  <testcase name="validates ability to delete a cached data" time="0.001" classname="Safari_5_1_7_(Windows_7_0_0_0).unit.angular-cache-service"/>
  <system-out>
    <![CDATA[Chrome 46.0.2490 (Windows 7 0.0.0) INFO: 'cacheType overriden as POLY_FILL'
,Chrome 46.0.2490 (Windows 7 0.0.0) LOG: 'bookAnalysisDB1 POLY_FILL database opened'
,Chrome 46.0.2490 (Windows 7 0.0.0) INFO: 'cacheType overriden as localStorage'
,Chrome 46.0.2490 (Windows 7 0.0.0) LOG: 'bookAnalysisDB2 localStorage database opened'
,Chrome 46.0.2490 (Windows 7 0.0.0) INFO: 'cacheType overriden as POLY_FILL'
,Chrome 46.0.2490 (Windows 7 0.0.0) LOG: 'bookAnalysisDB1 POLY_FILL database opened'
,Chrome 46.0.2490 (Windows 7 0.0.0) INFO: 'cacheType overriden as POLY_FILL'
,Chrome 46.0.2490 (Windows 7 0.0.0) LOG: 'bookAnalysisDB1 POLY_FILL database opened'
,Chrome 46.0.2490 (Windows 7 0.0.0) LOG: 'savedStatus: true'
,Chrome 46.0.2490 (Windows 7 0.0.0) INFO: 'cacheType overriden as POLY_FILL'
,Chrome 46.0.2490 (Windows 7 0.0.0) LOG: 'bookAnalysisDB1 POLY_FILL database opened'
,Chrome 46.0.2490 (Windows 7 0.0.0) LOG: 'savedStatus:x true'
,Chrome 46.0.2490 (Windows 7 0.0.0) LOG: 'savedStatus:y true'
,Chrome 46.0.2490 (Windows 7 0.0.0) LOG: 'size: 2'
,Chrome 46.0.2490 (Windows 7 0.0.0) INFO: 'cacheType overriden as POLY_FILL'
,Chrome 46.0.2490 (Windows 7 0.0.0) LOG: 'bookAnalysisDB1 POLY_FILL database opened'
,Chrome 46.0.2490 (Windows 7 0.0.0) LOG: 'result: null'
,Chrome 46.0.2490 (Windows 7 0.0.0) INFO: 'cacheType overriden as POLY_FILL'
,Chrome 46.0.2490 (Windows 7 0.0.0) LOG: 'bookAnalysisDB1 POLY_FILL database opened'
,Chrome 46.0.2490 (Windows 7 0.0.0) LOG: 'removed: 1444979482990R'
,Chrome 46.0.2490 (Windows 7 0.0.0) LOG: 'result: null'
,Chrome 46.0.2490 (Windows 7 0.0.0) INFO: 'cacheType overriden as POLY_FILL'
,Chrome 46.0.2490 (Windows 7 0.0.0) LOG: 'bookAnalysisDB1 POLY_FILL database opened'
,Chrome 46.0.2490 (Windows 7 0.0.0) LOG: 'savedStatus:x true'
,Chrome 46.0.2490 (Windows 7 0.0.0) LOG: 'savedStatus:y true'
,Chrome 46.0.2490 (Windows 7 0.0.0) LOG: 'POLY_FILL bookAnalysisDB1 data cleared'
,Chrome 46.0.2490 (Windows 7 0.0.0) LOG: 'clearing bookAnalysisDB1 .....'
,Chrome 46.0.2490 (Windows 7 0.0.0) LOG: 'size: 0'
,PhantomJS 1.9.8 (Windows 7 0.0.0) INFO: 'cacheType overriden as POLY_FILL'
,PhantomJS 1.9.8 (Windows 7 0.0.0) LOG: 'bookAnalysisDB1 POLY_FILL database opened'
,PhantomJS 1.9.8 (Windows 7 0.0.0) INFO: 'cacheType overriden as localStorage'
,PhantomJS 1.9.8 (Windows 7 0.0.0) LOG: 'bookAnalysisDB2 localStorage database opened'
,PhantomJS 1.9.8 (Windows 7 0.0.0) INFO: 'cacheType overriden as POLY_FILL'
,PhantomJS 1.9.8 (Windows 7 0.0.0) LOG: 'bookAnalysisDB1 POLY_FILL database opened'
,PhantomJS 1.9.8 (Windows 7 0.0.0) INFO: 'cacheType overriden as POLY_FILL'
,PhantomJS 1.9.8 (Windows 7 0.0.0) LOG: 'bookAnalysisDB1 POLY_FILL database opened'
,PhantomJS 1.9.8 (Windows 7 0.0.0) LOG: 'savedStatus: true'
,PhantomJS 1.9.8 (Windows 7 0.0.0) INFO: 'cacheType overriden as POLY_FILL'
,PhantomJS 1.9.8 (Windows 7 0.0.0) LOG: 'bookAnalysisDB1 POLY_FILL database opened'
,PhantomJS 1.9.8 (Windows 7 0.0.0) LOG: 'savedStatus:x true'
,PhantomJS 1.9.8 (Windows 7 0.0.0) LOG: 'savedStatus:y true'
,PhantomJS 1.9.8 (Windows 7 0.0.0) LOG: 'size: 2'
,PhantomJS 1.9.8 (Windows 7 0.0.0) INFO: 'cacheType overriden as POLY_FILL'
,PhantomJS 1.9.8 (Windows 7 0.0.0) LOG: 'bookAnalysisDB1 POLY_FILL database opened'
,PhantomJS 1.9.8 (Windows 7 0.0.0) LOG: 'result: null'
,PhantomJS 1.9.8 (Windows 7 0.0.0) INFO: 'cacheType overriden as POLY_FILL'
,PhantomJS 1.9.8 (Windows 7 0.0.0) LOG: 'bookAnalysisDB1 POLY_FILL database opened'
,PhantomJS 1.9.8 (Windows 7 0.0.0) LOG: 'removed: 1444979483312R'
,PhantomJS 1.9.8 (Windows 7 0.0.0) LOG: 'result: null'
,PhantomJS 1.9.8 (Windows 7 0.0.0) INFO: 'cacheType overriden as POLY_FILL'
,PhantomJS 1.9.8 (Windows 7 0.0.0) LOG: 'bookAnalysisDB1 POLY_FILL database opened'
,PhantomJS 1.9.8 (Windows 7 0.0.0) LOG: 'savedStatus:x true'
,PhantomJS 1.9.8 (Windows 7 0.0.0) LOG: 'savedStatus:y true'
,PhantomJS 1.9.8 (Windows 7 0.0.0) LOG: 'POLY_FILL bookAnalysisDB1 data cleared'
,PhantomJS 1.9.8 (Windows 7 0.0.0) LOG: 'clearing bookAnalysisDB1 .....'
,PhantomJS 1.9.8 (Windows 7 0.0.0) LOG: 'size: 0'
,Safari 5.1.7 (Windows 7 0.0.0) INFO: 'cacheType overriden as POLY_FILL'
,Safari 5.1.7 (Windows 7 0.0.0) LOG: 'bookAnalysisDB1 POLY_FILL database opened'
,Safari 5.1.7 (Windows 7 0.0.0) INFO: 'cacheType overriden as localStorage'
,Safari 5.1.7 (Windows 7 0.0.0) LOG: 'bookAnalysisDB2 localStorage database opened'
,Safari 5.1.7 (Windows 7 0.0.0) INFO: 'cacheType overriden as POLY_FILL'
,Safari 5.1.7 (Windows 7 0.0.0) LOG: 'bookAnalysisDB1 POLY_FILL database opened'
,Safari 5.1.7 (Windows 7 0.0.0) INFO: 'cacheType overriden as POLY_FILL'
,Safari 5.1.7 (Windows 7 0.0.0) LOG: 'bookAnalysisDB1 POLY_FILL database opened'
,Safari 5.1.7 (Windows 7 0.0.0) LOG: 'savedStatus: true'
,Safari 5.1.7 (Windows 7 0.0.0) INFO: 'cacheType overriden as POLY_FILL'
,Safari 5.1.7 (Windows 7 0.0.0) LOG: 'bookAnalysisDB1 POLY_FILL database opened'
,Safari 5.1.7 (Windows 7 0.0.0) LOG: 'savedStatus:x true'
,Safari 5.1.7 (Windows 7 0.0.0) LOG: 'savedStatus:y true'
,Safari 5.1.7 (Windows 7 0.0.0) LOG: 'size: 2'
,Safari 5.1.7 (Windows 7 0.0.0) INFO: 'cacheType overriden as POLY_FILL'
,Safari 5.1.7 (Windows 7 0.0.0) LOG: 'bookAnalysisDB1 POLY_FILL database opened'
,Safari 5.1.7 (Windows 7 0.0.0) LOG: 'result: null'
,Safari 5.1.7 (Windows 7 0.0.0) INFO: 'cacheType overriden as POLY_FILL'
,Safari 5.1.7 (Windows 7 0.0.0) LOG: 'bookAnalysisDB1 POLY_FILL database opened'
,Safari 5.1.7 (Windows 7 0.0.0) LOG: 'removed: 1444979484482R'
,Safari 5.1.7 (Windows 7 0.0.0) LOG: 'result: null'
,Safari 5.1.7 (Windows 7 0.0.0) INFO: 'cacheType overriden as POLY_FILL'
,Safari 5.1.7 (Windows 7 0.0.0) LOG: 'bookAnalysisDB1 POLY_FILL database opened'
,Safari 5.1.7 (Windows 7 0.0.0) LOG: 'savedStatus:x true'
,Safari 5.1.7 (Windows 7 0.0.0) LOG: 'savedStatus:y true'
,Safari 5.1.7 (Windows 7 0.0.0) LOG: 'POLY_FILL bookAnalysisDB1 data cleared'
,Safari 5.1.7 (Windows 7 0.0.0) LOG: 'clearing bookAnalysisDB1 .....'
,Safari 5.1.7 (Windows 7 0.0.0) LOG: 'size: 0'

]]>
  </system-out>
  <system-err/>
</testsuite>