<?xml version="1.0"?>
<testsuite name="Chrome 45.0.2454 (Windows 7 0.0.0)" package="unit" timestamp="2015-10-15T13:20:25" id="0" hostname="NB-ODAMILOLAPC" tests="7" errors="1" failures="7" time="0.006">
  <properties>
    <property name="browser.fullName" value="Mozilla/5.0 (Windows NT 6.1; WOW64) AppleWebKit/537.36 (KHTML, like Gecko) Chrome/45.0.2454.101 Safari/537.36"/>
  </properties>
  <testcase name="checks that service was created using singleton pattern" time="0.006" classname="Chrome_45_0_2454_(Windows_7_0_0_0).unit.angular-cache-service">
    <failure type="">TypeError: Cannot read property 'dbName' of undefined
    at Context.&lt;anonymous&gt; (c:/Workspaces/financialadviser-local/angular-cache-service/test/unit/ngCacheServiceSpec.js:52:53)
</failure>
  </testcase>
  <testcase name="checks that service was created using prototype" time="0" classname="Chrome_45_0_2454_(Windows_7_0_0_0).unit.angular-cache-service">
    <failure type="">TypeError: Cannot read property 'dbName' of undefined
    at Context.&lt;anonymous&gt; (c:/Workspaces/financialadviser-local/angular-cache-service/test/unit/ngCacheServiceSpec.js:60:60)
</failure>
  </testcase>
  <testcase name="validates ability to cache data" time="0" classname="Chrome_45_0_2454_(Windows_7_0_0_0).unit.angular-cache-service">
    <failure type="">TypeError: Cannot read property 'save' of undefined
    at Object.repository.save (c:/Workspaces/financialadviser-local/angular-cache-service/src/ngCacheService.js:1480:27)
    at Context.&lt;anonymous&gt; (c:/Workspaces/financialadviser-local/angular-cache-service/test/unit/ngCacheServiceSpec.js:70:34)
</failure>
  </testcase>
  <testcase name="validates current cache size" time="0" classname="Chrome_45_0_2454_(Windows_7_0_0_0).unit.angular-cache-service">
    <failure type="">TypeError: Cannot read property 'save' of undefined
    at Object.repository.save (c:/Workspaces/financialadviser-local/angular-cache-service/src/ngCacheService.js:1480:27)
    at Context.&lt;anonymous&gt; (c:/Workspaces/financialadviser-local/angular-cache-service/test/unit/ngCacheServiceSpec.js:83:34)
</failure>
  </testcase>
  <testcase name="validates ability to retrieve data from cache" time="0" classname="Chrome_45_0_2454_(Windows_7_0_0_0).unit.angular-cache-service">
    <failure type="">TypeError: Cannot read property 'save' of undefined
    at Object.repository.save (c:/Workspaces/financialadviser-local/angular-cache-service/src/ngCacheService.js:1480:27)
    at Context.&lt;anonymous&gt; (c:/Workspaces/financialadviser-local/angular-cache-service/test/unit/ngCacheServiceSpec.js:114:34)
</failure>
  </testcase>
  <testcase name="validates ability to delete a cached data" time="0" classname="Chrome_45_0_2454_(Windows_7_0_0_0).unit.angular-cache-service">
    <failure type="">TypeError: Cannot read property 'save' of undefined
    at Object.repository.save (c:/Workspaces/financialadviser-local/angular-cache-service/src/ngCacheService.js:1480:27)
    at Context.&lt;anonymous&gt; (c:/Workspaces/financialadviser-local/angular-cache-service/test/unit/ngCacheServiceSpec.js:134:34)
</failure>
  </testcase>
  <testcase name="validates ability to delete a cached data" time="0" classname="Chrome_45_0_2454_(Windows_7_0_0_0).unit.angular-cache-service">
    <failure type="">TypeError: Cannot read property 'save' of undefined
    at Object.repository.save (c:/Workspaces/financialadviser-local/angular-cache-service/src/ngCacheService.js:1480:27)
    at Context.&lt;anonymous&gt; (c:/Workspaces/financialadviser-local/angular-cache-service/test/unit/ngCacheServiceSpec.js:161:34)
</failure>
  </testcase>
  <system-out>
    <![CDATA[Chrome 45.0.2454 (Windows 7 0.0.0) DEBUG: 'cacheType overriden as POLY_FILL'
,Chrome 45.0.2454 (Windows 7 0.0.0) LOG: 'bookAnalysisDB2 POLY_FILL database opened'

]]>
  </system-out>
  <system-err/>
</testsuite>