<?xml version="1.0"?>
<testsuite name="IE 9.0.0 (Windows 7 0.0.0)" package="unit" timestamp="2015-10-16T07:11:25" id="0" hostname="NB-ODAMILOLAPC" tests="7" errors="0" failures="0" time="0.01">
  <properties>
    <property name="browser.fullName" value="Mozilla/5.0 (compatible; MSIE 9.0; Windows NT 6.1; WOW64; Trident/7.0; SLCC2; .NET CLR 2.0.50727; .NET CLR 3.5.30729; .NET CLR 3.0.30729; Media Center PC 6.0; .NET4.0C; .NET4.0E; F9J; CMDTDFJS)"/>
  </properties>
  <testcase name="checks that service was created using singleton pattern" time="0.006" classname="IE_9_0_0_(Windows_7_0_0_0).unit.angular-cache-service"/>
  <testcase name="checks that service was created using prototype" time="0" classname="IE_9_0_0_(Windows_7_0_0_0).unit.angular-cache-service"/>
  <testcase name="validates ability to cache data" time="0.001" classname="IE_9_0_0_(Windows_7_0_0_0).unit.angular-cache-service"/>
  <testcase name="validates current cache size" time="0.001" classname="IE_9_0_0_(Windows_7_0_0_0).unit.angular-cache-service"/>
  <testcase name="validates ability to retrieve data from cache" time="0.001" classname="IE_9_0_0_(Windows_7_0_0_0).unit.angular-cache-service"/>
  <testcase name="validates ability to delete a cached data" time="0.001" classname="IE_9_0_0_(Windows_7_0_0_0).unit.angular-cache-service"/>
  <testcase name="validates ability to delete a cached data" time="0" classname="IE_9_0_0_(Windows_7_0_0_0).unit.angular-cache-service"/>
  <system-out>
    <![CDATA[Chrome 46.0.2490 (Windows 7 0.0.0) INFO: 'cacheType overriden as POLY_FILL'
,Chrome 46.0.2490 (Windows 7 0.0.0) LOG: 'bookAnalysisDB1 POLY_FILL database opened'
,Chrome 46.0.2490 (Windows 7 0.0.0) INFO: 'cacheType overriden as localStorage'
,Chrome 46.0.2490 (Windows 7 0.0.0) LOG: 'bookAnalysisDB2 localStorage database opened'
,Chrome 46.0.2490 (Windows 7 0.0.0) INFO: 'cacheType overriden as POLY_FILL'
,Chrome 46.0.2490 (Windows 7 0.0.0) LOG: 'bookAnalysisDB1 POLY_FILL database opened'
,Chrome 46.0.2490 (Windows 7 0.0.0) INFO: 'cacheType overriden as POLY_FILL'
,Chrome 46.0.2490 (Windows 7 0.0.0) LOG: 'bookAnalysisDB1 POLY_FILL database opened'
,Chrome 46.0.2490 (Windows 7 0.0.0) LOG: 'savedStatus: true'
,Chrome 46.0.2490 (Windows 7 0.0.0) INFO: 'cacheType overriden as POLY_FILL'
,Chrome 46.0.2490 (Windows 7 0.0.0) LOG: 'bookAnalysisDB1 POLY_FILL database opened'
,Chrome 46.0.2490 (Windows 7 0.0.0) LOG: 'savedStatus:x true'
,Chrome 46.0.2490 (Windows 7 0.0.0) LOG: 'savedStatus:y true'
,Chrome 46.0.2490 (Windows 7 0.0.0) LOG: 'size: 2'
,Chrome 46.0.2490 (Windows 7 0.0.0) INFO: 'cacheType overriden as POLY_FILL'
,Chrome 46.0.2490 (Windows 7 0.0.0) LOG: 'bookAnalysisDB1 POLY_FILL database opened'
,Chrome 46.0.2490 (Windows 7 0.0.0) LOG: 'result: null'
,Chrome 46.0.2490 (Windows 7 0.0.0) INFO: 'cacheType overriden as POLY_FILL'
,Chrome 46.0.2490 (Windows 7 0.0.0) LOG: 'bookAnalysisDB1 POLY_FILL database opened'
,Chrome 46.0.2490 (Windows 7 0.0.0) LOG: 'removed: 1444979482990R'
,Chrome 46.0.2490 (Windows 7 0.0.0) LOG: 'result: null'
,Chrome 46.0.2490 (Windows 7 0.0.0) INFO: 'cacheType overriden as POLY_FILL'
,Chrome 46.0.2490 (Windows 7 0.0.0) LOG: 'bookAnalysisDB1 POLY_FILL database opened'
,Chrome 46.0.2490 (Windows 7 0.0.0) LOG: 'savedStatus:x true'
,Chrome 46.0.2490 (Windows 7 0.0.0) LOG: 'savedStatus:y true'
,Chrome 46.0.2490 (Windows 7 0.0.0) LOG: 'POLY_FILL bookAnalysisDB1 data cleared'
,Chrome 46.0.2490 (Windows 7 0.0.0) LOG: 'clearing bookAnalysisDB1 .....'
,Chrome 46.0.2490 (Windows 7 0.0.0) LOG: 'size: 0'
,PhantomJS 1.9.8 (Windows 7 0.0.0) INFO: 'cacheType overriden as POLY_FILL'
,PhantomJS 1.9.8 (Windows 7 0.0.0) LOG: 'bookAnalysisDB1 POLY_FILL database opened'
,PhantomJS 1.9.8 (Windows 7 0.0.0) INFO: 'cacheType overriden as localStorage'
,PhantomJS 1.9.8 (Windows 7 0.0.0) LOG: 'bookAnalysisDB2 localStorage database opened'
,PhantomJS 1.9.8 (Windows 7 0.0.0) INFO: 'cacheType overriden as POLY_FILL'
,PhantomJS 1.9.8 (Windows 7 0.0.0) LOG: 'bookAnalysisDB1 POLY_FILL database opened'
,PhantomJS 1.9.8 (Windows 7 0.0.0) INFO: 'cacheType overriden as POLY_FILL'
,PhantomJS 1.9.8 (Windows 7 0.0.0) LOG: 'bookAnalysisDB1 POLY_FILL database opened'
,PhantomJS 1.9.8 (Windows 7 0.0.0) LOG: 'savedStatus: true'
,PhantomJS 1.9.8 (Windows 7 0.0.0) INFO: 'cacheType overriden as POLY_FILL'
,PhantomJS 1.9.8 (Windows 7 0.0.0) LOG: 'bookAnalysisDB1 POLY_FILL database opened'
,PhantomJS 1.9.8 (Windows 7 0.0.0) LOG: 'savedStatus:x true'
,PhantomJS 1.9.8 (Windows 7 0.0.0) LOG: 'savedStatus:y true'
,PhantomJS 1.9.8 (Windows 7 0.0.0) LOG: 'size: 2'
,PhantomJS 1.9.8 (Windows 7 0.0.0) INFO: 'cacheType overriden as POLY_FILL'
,PhantomJS 1.9.8 (Windows 7 0.0.0) LOG: 'bookAnalysisDB1 POLY_FILL database opened'
,PhantomJS 1.9.8 (Windows 7 0.0.0) LOG: 'result: null'
,PhantomJS 1.9.8 (Windows 7 0.0.0) INFO: 'cacheType overriden as POLY_FILL'
,PhantomJS 1.9.8 (Windows 7 0.0.0) LOG: 'bookAnalysisDB1 POLY_FILL database opened'
,PhantomJS 1.9.8 (Windows 7 0.0.0) LOG: 'removed: 1444979483312R'
,PhantomJS 1.9.8 (Windows 7 0.0.0) LOG: 'result: null'
,PhantomJS 1.9.8 (Windows 7 0.0.0) INFO: 'cacheType overriden as POLY_FILL'
,PhantomJS 1.9.8 (Windows 7 0.0.0) LOG: 'bookAnalysisDB1 POLY_FILL database opened'
,PhantomJS 1.9.8 (Windows 7 0.0.0) LOG: 'savedStatus:x true'
,PhantomJS 1.9.8 (Windows 7 0.0.0) LOG: 'savedStatus:y true'
,PhantomJS 1.9.8 (Windows 7 0.0.0) LOG: 'POLY_FILL bookAnalysisDB1 data cleared'
,PhantomJS 1.9.8 (Windows 7 0.0.0) LOG: 'clearing bookAnalysisDB1 .....'
,PhantomJS 1.9.8 (Windows 7 0.0.0) LOG: 'size: 0'
,Safari 5.1.7 (Windows 7 0.0.0) INFO: 'cacheType overriden as POLY_FILL'
,Safari 5.1.7 (Windows 7 0.0.0) LOG: 'bookAnalysisDB1 POLY_FILL database opened'
,Safari 5.1.7 (Windows 7 0.0.0) INFO: 'cacheType overriden as localStorage'
,Safari 5.1.7 (Windows 7 0.0.0) LOG: 'bookAnalysisDB2 localStorage database opened'
,Safari 5.1.7 (Windows 7 0.0.0) INFO: 'cacheType overriden as POLY_FILL'
,Safari 5.1.7 (Windows 7 0.0.0) LOG: 'bookAnalysisDB1 POLY_FILL database opened'
,Safari 5.1.7 (Windows 7 0.0.0) INFO: 'cacheType overriden as POLY_FILL'
,Safari 5.1.7 (Windows 7 0.0.0) LOG: 'bookAnalysisDB1 POLY_FILL database opened'
,Safari 5.1.7 (Windows 7 0.0.0) LOG: 'savedStatus: true'
,Safari 5.1.7 (Windows 7 0.0.0) INFO: 'cacheType overriden as POLY_FILL'
,Safari 5.1.7 (Windows 7 0.0.0) LOG: 'bookAnalysisDB1 POLY_FILL database opened'
,Safari 5.1.7 (Windows 7 0.0.0) LOG: 'savedStatus:x true'
,Safari 5.1.7 (Windows 7 0.0.0) LOG: 'savedStatus:y true'
,Safari 5.1.7 (Windows 7 0.0.0) LOG: 'size: 2'
,Safari 5.1.7 (Windows 7 0.0.0) INFO: 'cacheType overriden as POLY_FILL'
,Safari 5.1.7 (Windows 7 0.0.0) LOG: 'bookAnalysisDB1 POLY_FILL database opened'
,Safari 5.1.7 (Windows 7 0.0.0) LOG: 'result: null'
,Safari 5.1.7 (Windows 7 0.0.0) INFO: 'cacheType overriden as POLY_FILL'
,Safari 5.1.7 (Windows 7 0.0.0) LOG: 'bookAnalysisDB1 POLY_FILL database opened'
,Safari 5.1.7 (Windows 7 0.0.0) LOG: 'removed: 1444979484482R'
,Safari 5.1.7 (Windows 7 0.0.0) LOG: 'result: null'
,Safari 5.1.7 (Windows 7 0.0.0) INFO: 'cacheType overriden as POLY_FILL'
,Safari 5.1.7 (Windows 7 0.0.0) LOG: 'bookAnalysisDB1 POLY_FILL database opened'
,Safari 5.1.7 (Windows 7 0.0.0) LOG: 'savedStatus:x true'
,Safari 5.1.7 (Windows 7 0.0.0) LOG: 'savedStatus:y true'
,Safari 5.1.7 (Windows 7 0.0.0) LOG: 'POLY_FILL bookAnalysisDB1 data cleared'
,Safari 5.1.7 (Windows 7 0.0.0) LOG: 'clearing bookAnalysisDB1 .....'
,Safari 5.1.7 (Windows 7 0.0.0) LOG: 'size: 0'
,IE 8.0.0 (Windows 7 0.0.0) ERROR
  Expected identifier
  at c:/Workspaces/financialadviser-local/angular-cache-service/node_modules/karma-sinon-chai/node_modules/chai/chai.js:3012
,Opera 29.0.1795 (Windows 7 0.0.0) INFO: 'cacheType overriden as POLY_FILL'
,Opera 29.0.1795 (Windows 7 0.0.0) LOG: 'bookAnalysisDB1 POLY_FILL database opened'
,Opera 29.0.1795 (Windows 7 0.0.0) INFO: 'cacheType overriden as localStorage'
,Opera 29.0.1795 (Windows 7 0.0.0) LOG: 'bookAnalysisDB2 localStorage database opened'
,Opera 29.0.1795 (Windows 7 0.0.0) INFO: 'cacheType overriden as POLY_FILL'
,Opera 29.0.1795 (Windows 7 0.0.0) LOG: 'bookAnalysisDB1 POLY_FILL database opened'
,IE 8.0.0 (Windows 7 0.0.0) ERROR
  Object expected
  at c:/Workspaces/financialadviser-local/angular-cache-service/test/resources/lib/angularjs/angular.min.js:7
,IE 8.0.0 (Windows 7 0.0.0) ERROR
  Object doesn't support property or method 'module'
  at c:/Workspaces/financialadviser-local/angular-cache-service/test/resources/lib/angularjs/angular-route.min.js:7
,IE 8.0.0 (Windows 7 0.0.0) ERROR
  Object doesn't support property or method '$$minErr'
  at c:/Workspaces/financialadviser-local/angular-cache-service/test/resources/lib/angularjs/angular-resource.min.js:6
,Opera 29.0.1795 (Windows 7 0.0.0) INFO: 'cacheType overriden as POLY_FILL'
,Opera 29.0.1795 (Windows 7 0.0.0) LOG: 'bookAnalysisDB1 POLY_FILL database opened'
,Opera 29.0.1795 (Windows 7 0.0.0) LOG: 'savedStatus: true'
,Opera 29.0.1795 (Windows 7 0.0.0) INFO: 'cacheType overriden as POLY_FILL'
,Opera 29.0.1795 (Windows 7 0.0.0) LOG: 'bookAnalysisDB1 POLY_FILL database opened'
,Opera 29.0.1795 (Windows 7 0.0.0) LOG: 'savedStatus:x true'
,IE 10.0.0 (Windows 7 0.0.0) INFO: 'cacheType overriden as POLY_FILL'
,Opera 29.0.1795 (Windows 7 0.0.0) LOG: 'savedStatus:y true'
,Opera 29.0.1795 (Windows 7 0.0.0) LOG: 'size: 2'
,Opera 29.0.1795 (Windows 7 0.0.0) INFO: 'cacheType overriden as POLY_FILL'
,Opera 29.0.1795 (Windows 7 0.0.0) LOG: 'bookAnalysisDB1 POLY_FILL database opened'
,Opera 29.0.1795 (Windows 7 0.0.0) LOG: 'result: null'
,IE 8.0.0 (Windows 7 0.0.0) ERROR
  Object doesn't support property or method 'module'
  at c:/Workspaces/financialadviser-local/angular-cache-service/test/resources/lib/angularjs/angular-mocks.js:779
,IE 8.0.0 (Windows 7 0.0.0) ERROR
  Object doesn't support property or method 'module'
  at c:/Workspaces/financialadviser-local/angular-cache-service/src/ngCacheService.js:10
,IE 8.0.0 (Windows 7 0.0.0) ERROR
  Expected identifier
  at c:/Workspaces/financialadviser-local/angular-cache-service/test/unit/ngCacheServiceSpec.js:85
,IE 8.0.0 (Windows 7 0.0.0) ERROR
  Unable to get property 'should' of undefined or null reference
  at c:/Workspaces/financialadviser-local/angular-cache-service/node_modules/karma-sinon-chai/chai-adapter.js:4
,IE 8.0.0 (Windows 7 0.0.0) ERROR
  'chai' is undefined
  at c:/Workspaces/financialadviser-local/angular-cache-service/node_modules/karma-sinon-chai/node_modules/sinon-chai/lib/sinon-chai.js:17
,IE 10.0.0 (Windows 7 0.0.0) LOG: 'bookAnalysisDB1 POLY_FILL database opened'
,IE 10.0.0 (Windows 7 0.0.0) INFO: 'cacheType overriden as localStorage'
,IE 10.0.0 (Windows 7 0.0.0) LOG: 'bookAnalysisDB2 localStorage database opened'
,IE 10.0.0 (Windows 7 0.0.0) INFO: 'cacheType overriden as POLY_FILL'
,IE 10.0.0 (Windows 7 0.0.0) LOG: 'bookAnalysisDB1 POLY_FILL database opened'
,IE 10.0.0 (Windows 7 0.0.0) INFO: 'cacheType overriden as POLY_FILL'
,IE 10.0.0 (Windows 7 0.0.0) LOG: 'bookAnalysisDB1 POLY_FILL database opened'
,IE 10.0.0 (Windows 7 0.0.0) LOG: 'savedStatus: true'
,IE 10.0.0 (Windows 7 0.0.0) INFO: 'cacheType overriden as POLY_FILL'
,IE 10.0.0 (Windows 7 0.0.0) LOG: 'bookAnalysisDB1 POLY_FILL database opened'
,IE 10.0.0 (Windows 7 0.0.0) LOG: 'savedStatus:x true'
,IE 10.0.0 (Windows 7 0.0.0) LOG: 'savedStatus:y true'
,IE 10.0.0 (Windows 7 0.0.0) LOG: 'size: 2'
,IE 10.0.0 (Windows 7 0.0.0) INFO: 'cacheType overriden as POLY_FILL'
,IE 10.0.0 (Windows 7 0.0.0) LOG: 'bookAnalysisDB1 POLY_FILL database opened'
,Opera 29.0.1795 (Windows 7 0.0.0) INFO: 'cacheType overriden as POLY_FILL'
,Opera 29.0.1795 (Windows 7 0.0.0) LOG: 'bookAnalysisDB1 POLY_FILL database opened'
,Opera 29.0.1795 (Windows 7 0.0.0) LOG: 'removed: 1444979484934R'
,IE 10.0.0 (Windows 7 0.0.0) LOG: 'result: null'
,IE 10.0.0 (Windows 7 0.0.0) INFO: 'cacheType overriden as POLY_FILL'
,IE 10.0.0 (Windows 7 0.0.0) LOG: 'bookAnalysisDB1 POLY_FILL database opened'
,IE 10.0.0 (Windows 7 0.0.0) LOG: 'removed: 1444979485111R'
,IE 10.0.0 (Windows 7 0.0.0) LOG: 'result: null'
,IE 10.0.0 (Windows 7 0.0.0) INFO: 'cacheType overriden as POLY_FILL'
,IE 10.0.0 (Windows 7 0.0.0) LOG: 'bookAnalysisDB1 POLY_FILL database opened'
,IE 10.0.0 (Windows 7 0.0.0) LOG: 'savedStatus:x true'
,IE 10.0.0 (Windows 7 0.0.0) LOG: 'savedStatus:y true'
,IE 10.0.0 (Windows 7 0.0.0) LOG: 'POLY_FILL bookAnalysisDB1 data cleared'
,IE 10.0.0 (Windows 7 0.0.0) LOG: 'clearing bookAnalysisDB1 .....'
,IE 10.0.0 (Windows 7 0.0.0) LOG: 'size: 0'
,Opera 29.0.1795 (Windows 7 0.0.0) LOG: 'result: null'
,Opera 29.0.1795 (Windows 7 0.0.0) INFO: 'cacheType overriden as POLY_FILL'
,Opera 29.0.1795 (Windows 7 0.0.0) LOG: 'bookAnalysisDB1 POLY_FILL database opened'
,Opera 29.0.1795 (Windows 7 0.0.0) LOG: 'savedStatus:x true'
,IE 9.0.0 (Windows 7 0.0.0) INFO: 'cacheType overriden as POLY_FILL'
,Opera 29.0.1795 (Windows 7 0.0.0) LOG: 'savedStatus:y true'
,Opera 29.0.1795 (Windows 7 0.0.0) LOG: 'POLY_FILL bookAnalysisDB1 data cleared'
,Opera 29.0.1795 (Windows 7 0.0.0) LOG: 'clearing bookAnalysisDB1 .....'
,Opera 29.0.1795 (Windows 7 0.0.0) LOG: 'size: 0'
,IE 9.0.0 (Windows 7 0.0.0) LOG: 'bookAnalysisDB1 POLY_FILL database opened'
,IE 9.0.0 (Windows 7 0.0.0) INFO: 'cacheType overriden as localStorage'
,IE 9.0.0 (Windows 7 0.0.0) LOG: 'bookAnalysisDB2 localStorage database opened'
,IE 9.0.0 (Windows 7 0.0.0) INFO: 'cacheType overriden as POLY_FILL'
,IE 9.0.0 (Windows 7 0.0.0) LOG: 'bookAnalysisDB1 POLY_FILL database opened'
,IE 9.0.0 (Windows 7 0.0.0) INFO: 'cacheType overriden as POLY_FILL'
,IE 9.0.0 (Windows 7 0.0.0) LOG: 'bookAnalysisDB1 POLY_FILL database opened'
,IE 9.0.0 (Windows 7 0.0.0) LOG: 'savedStatus: true'
,IE 9.0.0 (Windows 7 0.0.0) INFO: 'cacheType overriden as POLY_FILL'
,IE 9.0.0 (Windows 7 0.0.0) LOG: 'bookAnalysisDB1 POLY_FILL database opened'
,IE 9.0.0 (Windows 7 0.0.0) LOG: 'savedStatus:x true'
,IE 9.0.0 (Windows 7 0.0.0) LOG: 'savedStatus:y true'
,IE 9.0.0 (Windows 7 0.0.0) LOG: 'size: 2'
,IE 9.0.0 (Windows 7 0.0.0) INFO: 'cacheType overriden as POLY_FILL'
,IE 9.0.0 (Windows 7 0.0.0) LOG: 'bookAnalysisDB1 POLY_FILL database opened'
,IE 9.0.0 (Windows 7 0.0.0) LOG: 'result: null'
,IE 9.0.0 (Windows 7 0.0.0) INFO: 'cacheType overriden as POLY_FILL'
,IE 9.0.0 (Windows 7 0.0.0) LOG: 'bookAnalysisDB1 POLY_FILL database opened'
,IE 9.0.0 (Windows 7 0.0.0) LOG: 'removed: 1444979485316R'
,IE 9.0.0 (Windows 7 0.0.0) LOG: 'result: null'
,IE 9.0.0 (Windows 7 0.0.0) INFO: 'cacheType overriden as POLY_FILL'
,IE 9.0.0 (Windows 7 0.0.0) LOG: 'bookAnalysisDB1 POLY_FILL database opened'
,IE 9.0.0 (Windows 7 0.0.0) LOG: 'savedStatus:x true'
,IE 9.0.0 (Windows 7 0.0.0) LOG: 'savedStatus:y true'
,IE 9.0.0 (Windows 7 0.0.0) LOG: 'POLY_FILL bookAnalysisDB1 data cleared'
,IE 9.0.0 (Windows 7 0.0.0) LOG: 'clearing bookAnalysisDB1 .....'
,IE 9.0.0 (Windows 7 0.0.0) LOG: 'size: 0'

]]>
  </system-out>
  <system-err/>
</testsuite>